d:\codeex\elam\x64\debug\vc142.pdb
d:\codeex\elam\x64\debug\elamsample.obj
d:\good_luck_ali\elam\x64\debug\vc142.pdb
d:\good_luck_ali\elam\x64\debug\elamsample.obj
d:\codeex\elam\x64\debug\elamsample.sys
d:\codeex\elam\x64\debug\elamsample.pdb
d:\good_luck_ali\elam\x64\debug\elamsample.sys
d:\good_luck_ali\elam\x64\debug\elamsample.pdb
d:\codeex\elam\x64\debug\elamsample.res
d:\good_luck_ali\elam\x64\debug\elamsample.res
d:\good_luck_ali\elam\x64\debug\elamsample.tlog\cl.command.1.tlog
d:\good_luck_ali\elam\x64\debug\elamsample.tlog\cl.read.1.tlog
d:\good_luck_ali\elam\x64\debug\elamsample.tlog\cl.write.1.tlog
d:\good_luck_ali\elam\x64\debug\elamsample.tlog\link.command.1.tlog
d:\good_luck_ali\elam\x64\debug\elamsample.tlog\link.delete.1.tlog
d:\good_luck_ali\elam\x64\debug\elamsample.tlog\link.read.1.tlog
d:\good_luck_ali\elam\x64\debug\elamsample.tlog\link.write.1.tlog
d:\good_luck_ali\elam\x64\debug\elamsample.tlog\rc.command.1.tlog
d:\good_luck_ali\elam\x64\debug\elamsample.tlog\rc.read.1.tlog
d:\good_luck_ali\elam\x64\debug\elamsample.tlog\rc.write.1.tlog
d:\good_luck_ali\elam\x64\debug\elamsample.tlog\signtool.command.1.tlog
d:\good_luck_ali\elam\x64\debug\elamsample.tlog\signtool.read.1.tlog
d:\good_luck_ali\elam\x64\debug\elamsample.tlog\signtool.timestamp.1.tlog
d:\good_luck_ali\elam\x64\debug\elamsample.tlog\signtool.write.1.tlog
